<?xml version="1.0" encoding="UTF-8"?>
<!-- Generated by org.testng.reporters.JUnitReportReporter -->
<testsuite skipped="0" hostname="Yashu" name="property.Parallel" tests="2" failures="0" timestamp="21 Dec 2019 10:38:42 GMT" time="87.060" errors="0">
  <testcase name="launch" time="16.808" classname="property.Parallel"/>
  <testcase name="launch" time="70.252" classname="property.Parallel"/>
</testsuite> <!-- property.Parallel -->
