<?xml version="1.0" encoding="UTF-8"?>
<!-- Generated by org.testng.reporters.JUnitReportReporter -->
<testsuite skipped="0" hostname="Yashu" name="testscript.GithubRepositorytexttest" tests="1" failures="0" timestamp="13 Dec 2019 08:26:28 GMT" time="31.981" errors="0">
  <testcase name="testLogin" time="31.981" classname="testscript.GithubRepositorytexttest"/>
</testsuite> <!-- testscript.GithubRepositorytexttest -->
