<?xml version="1.0" encoding="UTF-8"?>
<!-- Generated by org.testng.reporters.JUnitReportReporter -->
<testsuite skipped="0" hostname="Yashu" name="testscript.GithubrepositoryTest" tests="1" failures="0" timestamp="13 Dec 2019 08:00:06 GMT" time="35.295" errors="0">
  <testcase name="testLogin" time="35.295" classname="testscript.GithubrepositoryTest"/>
</testsuite> <!-- testscript.GithubrepositoryTest -->
