<?xml version="1.0" encoding="UTF-8"?>
<!-- Generated by org.testng.reporters.JUnitReportReporter -->
<testsuite skipped="0" hostname="Yashu" name="testscript.GithubHomelinktest" tests="1" failures="0" timestamp="13 Dec 2019 09:08:56 GMT" time="45.087" errors="0">
  <testcase name="testLogin" time="45.087" classname="testscript.GithubHomelinktest"/>
</testsuite> <!-- testscript.GithubHomelinktest -->
