<?xml version="1.0" encoding="UTF-8"?>
<!-- Generated by org.testng.reporters.JUnitReportReporter -->
<testsuite skipped="0" hostname="Yashu" name="testscript.GithubLoginTest" tests="1" failures="0" timestamp="13 Dec 2019 06:25:41 GMT" time="32.732" errors="0">
  <testcase name="testLogin" time="32.732" classname="testscript.GithubLoginTest"/>
</testsuite> <!-- testscript.GithubLoginTest -->
