<?xml version="1.0" encoding="UTF-8"?>
<!-- Generated by org.testng.reporters.JUnitReportReporter -->
<testsuite skipped="0" hostname="Yashu" name="property.Property" tests="1" failures="0" timestamp="21 Dec 2019 10:31:12 GMT" time="0.000" errors="0">
  <testcase name="test_property" time="0.000" classname="property.Property"/>
</testsuite> <!-- property.Property -->
